<?xml version="1.0" encoding="UTF-8"?>
<!-- Generated by org.testng.reporters.JUnitXMLReporter -->
<testsuite hostname="ANIS" ignored="0" name="Default test" tests="6" failures="0" timestamp="10 Oct 2020 15:03:35 GMT" time="29.924" errors="0">
  <testcase name="fillupContactsForm" time="3.856" classname="cogmentocrmApp.QA.TestCases.CRM_ContactsTest"/>
  <testcase name="fillupContactsForm" time="2.601" classname="cogmentocrmApp.QA.TestCases.CRM_ContactsTest"/>
  <testcase name="fillupContactsForm" time="2.419" classname="cogmentocrmApp.QA.TestCases.CRM_ContactsTest"/>
  <testcase name="fillupContactsForm" time="3.417" classname="cogmentocrmApp.QA.TestCases.CRM_ContactsTest"/>
  <testcase name="fillupContactsForm" time="3.457" classname="cogmentocrmApp.QA.TestCases.CRM_ContactsTest"/>
  <testcase name="logoutuser" time="0.007" classname="cogmentocrmApp.QA.TestCases.CRM_ContactsTest"/>
</testsuite> <!-- Default test -->
