<?xml version="1.0" encoding="UTF-8"?>
<!-- Generated by org.testng.reporters.JUnitXMLReporter -->
<testsuite hostname="ANIS" ignored="0" name="Test" tests="6" failures="0" timestamp="10 Oct 2020 15:02:24 GMT" time="39.683" errors="0">
  <testcase name="fillupContactsForm" time="3.939" classname="cogmentocrmApp.QA.TestCases.CRM_ContactsTest"/>
  <testcase name="fillupContactsForm" time="2.379" classname="cogmentocrmApp.QA.TestCases.CRM_ContactsTest"/>
  <testcase name="fillupContactsForm" time="10.132" classname="cogmentocrmApp.QA.TestCases.CRM_ContactsTest"/>
  <testcase name="fillupContactsForm" time="3.352" classname="cogmentocrmApp.QA.TestCases.CRM_ContactsTest"/>
  <testcase name="fillupContactsForm" time="2.331" classname="cogmentocrmApp.QA.TestCases.CRM_ContactsTest"/>
  <testcase name="logoutuser" time="0.513" classname="cogmentocrmApp.QA.TestCases.CRM_ContactsTest"/>
</testsuite> <!-- Test -->
