<?xml version="1.0" encoding="UTF-8"?>
<!-- Generated by org.testng.reporters.JUnitXMLReporter -->
<testsuite hostname="ANIS" ignored="0" name="Test" tests="6" failures="0" timestamp="10 Oct 2020 17:57:36 GMT" time="30.469" errors="0">
  <testcase name="fillupContactsForm" time="3.869" classname="cogmentocrmApp.QA.TestCases.CRM_ContactsTest"/>
  <testcase name="fillupContactsForm" time="2.374" classname="cogmentocrmApp.QA.TestCases.CRM_ContactsTest"/>
  <testcase name="fillupContactsForm" time="3.296" classname="cogmentocrmApp.QA.TestCases.CRM_ContactsTest"/>
  <testcase name="fillupContactsForm" time="2.32" classname="cogmentocrmApp.QA.TestCases.CRM_ContactsTest"/>
  <testcase name="fillupContactsForm" time="3.336" classname="cogmentocrmApp.QA.TestCases.CRM_ContactsTest"/>
  <testcase name="logoutuser" time="0.53" classname="cogmentocrmApp.QA.TestCases.CRM_ContactsTest"/>
</testsuite> <!-- Test -->
