<?xml version="1.0" encoding="UTF-8"?>
<testng-results skipped="0" failed="0" ignored="0" total="6" passed="6">
  <reporter-output>
  </reporter-output>
  <suite name="Suite" duration-ms="30469" started-at="2020-10-10T17:57:05Z" finished-at="2020-10-10T17:57:36Z">
    <groups>
    </groups>
    <test name="Test" duration-ms="30469" started-at="2020-10-10T17:57:05Z" finished-at="2020-10-10T17:57:36Z">
      <class name="cogmentocrmApp.QA.TestCases.CRM_ContactsTest">
        <test-method status="PASS" signature="openApp()[pri:0, instance:cogmentocrmApp.QA.TestCases.CRM_ContactsTest@3c09711b]" name="openApp" is-config="true" duration-ms="14273" started-at="2020-10-10T17:57:05Z" finished-at="2020-10-10T17:57:20Z">
          <reporter-output>
          </reporter-output>
        </test-method> <!-- openApp -->
        <test-method status="PASS" signature="fillupContactsForm(java.lang.String, java.lang.String, java.lang.String, java.lang.String, java.lang.String, java.lang.String)[pri:1, instance:cogmentocrmApp.QA.TestCases.CRM_ContactsTest@3c09711b]" name="fillupContactsForm" duration-ms="3869" started-at="2020-10-10T17:57:20Z" data-provider="getCRMData" finished-at="2020-10-10T17:57:24Z">
          <params>
            <param index="0">
              <value>
                <![CDATA[mith]]>
              </value>
            </param>
            <param index="1">
              <value>
                <![CDATA[Jhon]]>
              </value>
            </param>
            <param index="2">
              <value>
                <![CDATA[k]]>
              </value>
            </param>
            <param index="3">
              <value>
                <![CDATA[Customer]]>
              </value>
            </param>
            <param index="4">
              <value>
                <![CDATA[New]]>
              </value>
            </param>
            <param index="5">
              <value>
                <![CDATA[New user]]>
              </value>
            </param>
          </params>
          <reporter-output>
          </reporter-output>
        </test-method> <!-- fillupContactsForm -->
        <test-method status="PASS" signature="fillupContactsForm(java.lang.String, java.lang.String, java.lang.String, java.lang.String, java.lang.String, java.lang.String)[pri:1, instance:cogmentocrmApp.QA.TestCases.CRM_ContactsTest@3c09711b]" name="fillupContactsForm" duration-ms="2374" started-at="2020-10-10T17:57:24Z" data-provider="getCRMData" finished-at="2020-10-10T17:57:26Z">
          <params>
            <param index="0">
              <value>
                <![CDATA[wan]]>
              </value>
            </param>
            <param index="1">
              <value>
                <![CDATA[Jay]]>
              </value>
            </param>
            <param index="2">
              <value>
                <![CDATA[J]]>
              </value>
            </param>
            <param index="3">
              <value>
                <![CDATA[Customer]]>
              </value>
            </param>
            <param index="4">
              <value>
                <![CDATA[New]]>
              </value>
            </param>
            <param index="5">
              <value>
                <![CDATA[New user]]>
              </value>
            </param>
          </params>
          <reporter-output>
          </reporter-output>
        </test-method> <!-- fillupContactsForm -->
        <test-method status="PASS" signature="fillupContactsForm(java.lang.String, java.lang.String, java.lang.String, java.lang.String, java.lang.String, java.lang.String)[pri:1, instance:cogmentocrmApp.QA.TestCases.CRM_ContactsTest@3c09711b]" name="fillupContactsForm" duration-ms="3296" started-at="2020-10-10T17:57:26Z" data-provider="getCRMData" finished-at="2020-10-10T17:57:30Z">
          <params>
            <param index="0">
              <value>
                <![CDATA[Salim]]>
              </value>
            </param>
            <param index="1">
              <value>
                <![CDATA[khan]]>
              </value>
            </param>
            <param index="2">
              <value>
                <![CDATA[A]]>
              </value>
            </param>
            <param index="3">
              <value>
                <![CDATA[Customer]]>
              </value>
            </param>
            <param index="4">
              <value>
                <![CDATA[New]]>
              </value>
            </param>
            <param index="5">
              <value>
                <![CDATA[New user]]>
              </value>
            </param>
          </params>
          <reporter-output>
          </reporter-output>
        </test-method> <!-- fillupContactsForm -->
        <test-method status="PASS" signature="fillupContactsForm(java.lang.String, java.lang.String, java.lang.String, java.lang.String, java.lang.String, java.lang.String)[pri:1, instance:cogmentocrmApp.QA.TestCases.CRM_ContactsTest@3c09711b]" name="fillupContactsForm" duration-ms="2320" started-at="2020-10-10T17:57:30Z" data-provider="getCRMData" finished-at="2020-10-10T17:57:32Z">
          <params>
            <param index="0">
              <value>
                <![CDATA[Kamal]]>
              </value>
            </param>
            <param index="1">
              <value>
                <![CDATA[Jhon]]>
              </value>
            </param>
            <param index="2">
              <value>
                <![CDATA[F]]>
              </value>
            </param>
            <param index="3">
              <value>
                <![CDATA[Customer]]>
              </value>
            </param>
            <param index="4">
              <value>
                <![CDATA[New]]>
              </value>
            </param>
            <param index="5">
              <value>
                <![CDATA[New user]]>
              </value>
            </param>
          </params>
          <reporter-output>
          </reporter-output>
        </test-method> <!-- fillupContactsForm -->
        <test-method status="PASS" signature="fillupContactsForm(java.lang.String, java.lang.String, java.lang.String, java.lang.String, java.lang.String, java.lang.String)[pri:1, instance:cogmentocrmApp.QA.TestCases.CRM_ContactsTest@3c09711b]" name="fillupContactsForm" duration-ms="3336" started-at="2020-10-10T17:57:32Z" data-provider="getCRMData" finished-at="2020-10-10T17:57:35Z">
          <params>
            <param index="0">
              <value>
                <![CDATA[Rahim]]>
              </value>
            </param>
            <param index="1">
              <value>
                <![CDATA[Hossain]]>
              </value>
            </param>
            <param index="2">
              <value>
                <![CDATA[W]]>
              </value>
            </param>
            <param index="3">
              <value>
                <![CDATA[Customer]]>
              </value>
            </param>
            <param index="4">
              <value>
                <![CDATA[New]]>
              </value>
            </param>
            <param index="5">
              <value>
                <![CDATA[New user]]>
              </value>
            </param>
          </params>
          <reporter-output>
          </reporter-output>
        </test-method> <!-- fillupContactsForm -->
        <test-method status="PASS" signature="logoutuser()[pri:2, instance:cogmentocrmApp.QA.TestCases.CRM_ContactsTest@3c09711b]" name="logoutuser" duration-ms="530" started-at="2020-10-10T17:57:35Z" finished-at="2020-10-10T17:57:36Z">
          <reporter-output>
          </reporter-output>
        </test-method> <!-- logoutuser -->
        <test-method status="PASS" signature="closeApp()[pri:0, instance:cogmentocrmApp.QA.TestCases.CRM_ContactsTest@3c09711b]" name="closeApp" is-config="true" duration-ms="0" started-at="2020-10-10T17:57:36Z" finished-at="2020-10-10T17:57:36Z">
          <reporter-output>
          </reporter-output>
        </test-method> <!-- closeApp -->
      </class> <!-- cogmentocrmApp.QA.TestCases.CRM_ContactsTest -->
    </test> <!-- Test -->
  </suite> <!-- Suite -->
</testng-results>
