<?xml version="1.0" encoding="UTF-8"?>
<testsuite xmlns:xsi="http://www.w3.org/2001/XMLSchema-instance" xsi:noNamespaceSchemaLocation="https://maven.apache.org/surefire/maven-surefire-plugin/xsd/surefire-test-report-3.0.xsd" version="3.0" name="TestSuite" time="31.189" tests="6" errors="0" skipped="0" failures="0">
  <properties>
[...]
</properties>
  <testcase name="fillupContactsForm[mith, Jhon, k, Customer, New, New user](1)" classname="cogmentocrmApp.QA.TestCases.CRM_ContactsTest" time="3.849">
    <system-out><![CDATA[
Lead
Customer

New
]]></system-out>
    <system-err><![CDATA[1602352626940	mozrunner::runner	INFO	Running command: "C:\\Program Files\\Mozilla Firefox\\firefox.exe" "-marionette" "-foreground" "-no-remote" "-profile" "C:\\Users\\13478\\AppData\\Local\\Temp\\rust_mozprofileXuAobB"
JavaScript error: resource://gre/modules/XULStore.jsm, line 66: Error: Can't find profile directory.
console.error: SearchCache: "_readCacheFile: Error reading cache file:" (new Error("", "(unknown module)"))
1602352633392	Marionette	INFO	Listening on port 51371
1602352633873	Marionette	WARN	TLS certificate errors will be ignored for this session
Oct 10, 2020 1:57:13 PM org.openqa.selenium.remote.ProtocolHandshake createSession
INFO: Detected dialect: W3C
JavaScript error: resource://gre/modules/URIFixup.jsm, line 271: NS_ERROR_FAILURE: Should pass a non-null uri
JavaScript error: resource://gre/modules/XULStore.jsm, line 66: Error: Can't find profile directory.
JavaScript error: resource://gre/modules/XULStore.jsm, line 66: Error: Can't find profile directory.
]]></system-err>
  </testcase>
  <testcase name="fillupContactsForm[wan, Jay, J, Customer, New, New user](2)" classname="cogmentocrmApp.QA.TestCases.CRM_ContactsTest" time="2.369">
    <system-out><![CDATA[
Lead
Customer

New
]]></system-out>
  </testcase>
  <testcase name="fillupContactsForm[Salim, khan, A, Customer, New, New user](3)" classname="cogmentocrmApp.QA.TestCases.CRM_ContactsTest" time="3.296">
    <system-out><![CDATA[
Lead
Customer

New
]]></system-out>
  </testcase>
  <testcase name="fillupContactsForm[Kamal, Jhon, F, Customer, New, New user](4)" classname="cogmentocrmApp.QA.TestCases.CRM_ContactsTest" time="2.321">
    <system-out><![CDATA[
Lead
Customer

New
]]></system-out>
  </testcase>
  <testcase name="fillupContactsForm[Rahim, Hossain, W, Customer, New, New user](5)" classname="cogmentocrmApp.QA.TestCases.CRM_ContactsTest" time="3.336">
    <system-out><![CDATA[
Lead
Customer

New
]]></system-out>
  </testcase>
  <testcase name="logoutuser" classname="cogmentocrmApp.QA.TestCases.CRM_ContactsTest" time="0.53">
    <system-out><![CDATA[Settings
Products
Import
Tools
Log Out
]]></system-out>
  </testcase>
</testsuite>