<?xml version="1.0" encoding="UTF-8"?>
<testng-results skipped="0" failed="0" ignored="0" total="6" passed="6">
  <reporter-output>
  </reporter-output>
  <suite name="Default suite" duration-ms="29924" started-at="2020-10-10T15:03:05Z" finished-at="2020-10-10T15:03:35Z">
    <groups>
    </groups>
    <test name="Default test" duration-ms="29924" started-at="2020-10-10T15:03:05Z" finished-at="2020-10-10T15:03:35Z">
      <class name="cogmentocrmApp.QA.TestCases.CRM_ContactsTest">
        <test-method status="PASS" signature="openApp()[pri:0, instance:cogmentocrmApp.QA.TestCases.CRM_ContactsTest@7cd62f43]" name="openApp" is-config="true" duration-ms="13673" started-at="2020-10-10T15:03:05Z" finished-at="2020-10-10T15:03:19Z">
          <reporter-output>
          </reporter-output>
        </test-method> <!-- openApp -->
        <test-method status="PASS" signature="fillupContactsForm(java.lang.String, java.lang.String, java.lang.String, java.lang.String, java.lang.String, java.lang.String)[pri:1, instance:cogmentocrmApp.QA.TestCases.CRM_ContactsTest@7cd62f43]" name="fillupContactsForm" duration-ms="3856" started-at="2020-10-10T15:03:19Z" data-provider="getCRMData" finished-at="2020-10-10T15:03:23Z">
          <params>
            <param index="0">
              <value>
                <![CDATA[Smith]]>
              </value>
            </param>
            <param index="1">
              <value>
                <![CDATA[Jhon]]>
              </value>
            </param>
            <param index="2">
              <value>
                <![CDATA[k]]>
              </value>
            </param>
            <param index="3">
              <value>
                <![CDATA[Customer]]>
              </value>
            </param>
            <param index="4">
              <value>
                <![CDATA[New]]>
              </value>
            </param>
            <param index="5">
              <value>
                <![CDATA[New user]]>
              </value>
            </param>
          </params>
          <reporter-output>
          </reporter-output>
        </test-method> <!-- fillupContactsForm -->
        <test-method status="PASS" signature="fillupContactsForm(java.lang.String, java.lang.String, java.lang.String, java.lang.String, java.lang.String, java.lang.String)[pri:1, instance:cogmentocrmApp.QA.TestCases.CRM_ContactsTest@7cd62f43]" name="fillupContactsForm" duration-ms="2601" started-at="2020-10-10T15:03:23Z" data-provider="getCRMData" finished-at="2020-10-10T15:03:26Z">
          <params>
            <param index="0">
              <value>
                <![CDATA[Swan]]>
              </value>
            </param>
            <param index="1">
              <value>
                <![CDATA[Jay]]>
              </value>
            </param>
            <param index="2">
              <value>
                <![CDATA[J]]>
              </value>
            </param>
            <param index="3">
              <value>
                <![CDATA[Customer]]>
              </value>
            </param>
            <param index="4">
              <value>
                <![CDATA[New]]>
              </value>
            </param>
            <param index="5">
              <value>
                <![CDATA[New user]]>
              </value>
            </param>
          </params>
          <reporter-output>
          </reporter-output>
        </test-method> <!-- fillupContactsForm -->
        <test-method status="PASS" signature="fillupContactsForm(java.lang.String, java.lang.String, java.lang.String, java.lang.String, java.lang.String, java.lang.String)[pri:1, instance:cogmentocrmApp.QA.TestCases.CRM_ContactsTest@7cd62f43]" name="fillupContactsForm" duration-ms="2419" started-at="2020-10-10T15:03:26Z" data-provider="getCRMData" finished-at="2020-10-10T15:03:28Z">
          <params>
            <param index="0">
              <value>
                <![CDATA[Salim]]>
              </value>
            </param>
            <param index="1">
              <value>
                <![CDATA[khan]]>
              </value>
            </param>
            <param index="2">
              <value>
                <![CDATA[A]]>
              </value>
            </param>
            <param index="3">
              <value>
                <![CDATA[Customer]]>
              </value>
            </param>
            <param index="4">
              <value>
                <![CDATA[New]]>
              </value>
            </param>
            <param index="5">
              <value>
                <![CDATA[New user]]>
              </value>
            </param>
          </params>
          <reporter-output>
          </reporter-output>
        </test-method> <!-- fillupContactsForm -->
        <test-method status="PASS" signature="fillupContactsForm(java.lang.String, java.lang.String, java.lang.String, java.lang.String, java.lang.String, java.lang.String)[pri:1, instance:cogmentocrmApp.QA.TestCases.CRM_ContactsTest@7cd62f43]" name="fillupContactsForm" duration-ms="3417" started-at="2020-10-10T15:03:28Z" data-provider="getCRMData" finished-at="2020-10-10T15:03:31Z">
          <params>
            <param index="0">
              <value>
                <![CDATA[Kamal]]>
              </value>
            </param>
            <param index="1">
              <value>
                <![CDATA[Jhon]]>
              </value>
            </param>
            <param index="2">
              <value>
                <![CDATA[F]]>
              </value>
            </param>
            <param index="3">
              <value>
                <![CDATA[Customer]]>
              </value>
            </param>
            <param index="4">
              <value>
                <![CDATA[New]]>
              </value>
            </param>
            <param index="5">
              <value>
                <![CDATA[New user]]>
              </value>
            </param>
          </params>
          <reporter-output>
          </reporter-output>
        </test-method> <!-- fillupContactsForm -->
        <test-method status="PASS" signature="fillupContactsForm(java.lang.String, java.lang.String, java.lang.String, java.lang.String, java.lang.String, java.lang.String)[pri:1, instance:cogmentocrmApp.QA.TestCases.CRM_ContactsTest@7cd62f43]" name="fillupContactsForm" duration-ms="3457" started-at="2020-10-10T15:03:31Z" data-provider="getCRMData" finished-at="2020-10-10T15:03:35Z">
          <params>
            <param index="0">
              <value>
                <![CDATA[Rahim]]>
              </value>
            </param>
            <param index="1">
              <value>
                <![CDATA[Hossain]]>
              </value>
            </param>
            <param index="2">
              <value>
                <![CDATA[W]]>
              </value>
            </param>
            <param index="3">
              <value>
                <![CDATA[Customer]]>
              </value>
            </param>
            <param index="4">
              <value>
                <![CDATA[New]]>
              </value>
            </param>
            <param index="5">
              <value>
                <![CDATA[New user]]>
              </value>
            </param>
          </params>
          <reporter-output>
          </reporter-output>
        </test-method> <!-- fillupContactsForm -->
        <test-method status="PASS" signature="logoutuser()[pri:2, instance:cogmentocrmApp.QA.TestCases.CRM_ContactsTest@7cd62f43]" name="logoutuser" duration-ms="7" started-at="2020-10-10T15:03:35Z" finished-at="2020-10-10T15:03:35Z">
          <reporter-output>
          </reporter-output>
        </test-method> <!-- logoutuser -->
        <test-method status="PASS" signature="closeApp()[pri:0, instance:cogmentocrmApp.QA.TestCases.CRM_ContactsTest@7cd62f43]" name="closeApp" is-config="true" duration-ms="0" started-at="2020-10-10T15:03:35Z" finished-at="2020-10-10T15:03:35Z">
          <reporter-output>
          </reporter-output>
        </test-method> <!-- closeApp -->
      </class> <!-- cogmentocrmApp.QA.TestCases.CRM_ContactsTest -->
    </test> <!-- Default test -->
  </suite> <!-- Default suite -->
</testng-results>
